2025-04-13 15:28:50,051 - werkzeug - INFO - [31m[1mWARNING: This is a development server. Do not use it in a production deployment. Use a production WSGI server instead.[0m
 * Running on http://127.0.0.1:5000
2025-04-13 15:28:50,051 - werkzeug - INFO - [33mPress CTRL+C to quit[0m
2025-04-13 15:29:02,484 - werkzeug - INFO - [31m[1mWARNING: This is a development server. Do not use it in a production deployment. Use a production WSGI server instead.[0m
 * Running on http://127.0.0.1:5000
2025-04-13 15:29:02,484 - werkzeug - INFO - [33mPress CTRL+C to quit[0m
2025-04-13 15:29:13,302 - werkzeug - INFO - 127.0.0.1 - - [13/Apr/2025 15:29:13] "GET / HTTP/1.1" 200 -
2025-04-13 15:29:13,365 - werkzeug - INFO - 127.0.0.1 - - [13/Apr/2025 15:29:13] "[36mGET /static/pagehead.jpg HTTP/1.1[0m" 304 -
2025-04-13 15:29:13,373 - werkzeug - INFO - 127.0.0.1 - - [13/Apr/2025 15:29:13] "[33mGET /favicon.ico HTTP/1.1[0m" 404 -
2025-04-13 15:30:07,413 - app - INFO - Generated token is eyJ0eXAiOiJKV1QiLCJrZXlfaWQiOiJza192MS4wIiwiYWxnIjoiSFMyNTYifQ.eyJzdWIiOiIyVUNSUkgiLCJqdGkiOiI2N2ZiOGIyNzE3MjcyZDc0MjU0MjYyMDEiLCJpc011bHRpQ2xpZW50IjpmYWxzZSwiaWF0IjoxNzQ0NTM4NDA3LCJpc3MiOiJ1ZGFwaS1nYXRld2F5LXNlcnZpY2UiLCJleHAiOjE3NDQ1ODE2MDB9.j_j6wJKy5pRMH0AhfR4NOlcUds7AXy5SB1_fX8HWb14
2025-04-13 15:30:07,693 - app - INFO - Profile User:  {'data': {'broker': 'UPSTOX',
          'email': 'smartganesh2022@gmail.com',
          'exchanges': ['NFO', 'BCD', 'NSE', 'CDS', 'BFO', 'BSE'],
          'is_active': True,
          'order_types': ['MARKET', 'LIMIT', 'SL', 'SL-M'],
          'poa': False,
          'products': ['OCO', 'D', 'CO', 'I'],
          'user_id': '2UCRRH',
          'user_name': 'S Ganesh',
          'user_type': 'individual'},
 'status': 'success'}
2025-04-13 15:30:07,697 - werkzeug - INFO - 127.0.0.1 - - [13/Apr/2025 15:30:07] "POST /authorize HTTP/1.1" 200 -
2025-04-13 15:30:07,705 - werkzeug - INFO - 127.0.0.1 - - [13/Apr/2025 15:30:07] "[36mGET /static/pagehead.jpg HTTP/1.1[0m" 304 -
2025-04-13 15:30:08,697 - app - INFO - Options analysis visited
2025-04-13 15:30:08,720 - app - ERROR - Exception on /options_analysis.html [GET]
Traceback (most recent call last):
  File "D:\PythonWSOct24\tradeguide\tg-flask-venv\Lib\site-packages\flask\app.py", line 1511, in wsgi_app
    response = self.full_dispatch_request()
               ^^^^^^^^^^^^^^^^^^^^^^^^^^^^
  File "D:\PythonWSOct24\tradeguide\tg-flask-venv\Lib\site-packages\flask\app.py", line 919, in full_dispatch_request
    rv = self.handle_user_exception(e)
         ^^^^^^^^^^^^^^^^^^^^^^^^^^^^^
  File "D:\PythonWSOct24\tradeguide\tg-flask-venv\Lib\site-packages\flask_cors\extension.py", line 194, in wrapped_function
    return cors_after_request(app.make_response(f(*args, **kwargs)))
                                                ^^^^^^^^^^^^^^^^^^
  File "D:\PythonWSOct24\tradeguide\tg-flask-venv\Lib\site-packages\flask\app.py", line 917, in full_dispatch_request
    rv = self.dispatch_request()
         ^^^^^^^^^^^^^^^^^^^^^^^
  File "D:\PythonWSOct24\tradeguide\tg-flask-venv\Lib\site-packages\flask\app.py", line 902, in dispatch_request
    return self.ensure_sync(self.view_functions[rule.endpoint])(**view_args)  # type: ignore[no-any-return]
           ^^^^^^^^^^^^^^^^^^^^^^^^^^^^^^^^^^^^^^^^^^^^^^^^^^^^^^^^^^^^^^^^^
  File "D:\PythonWSOct24\tradeguide\app.py", line 432, in optionsanalysis
    call_df,put_df=findtrend()
                   ^^^^^^^^^^^
  File "D:\PythonWSOct24\tradeguide\app.py", line 1423, in findtrend
    opt1_arr = db_read.getopt(expiry1)
               ^^^^^^^^^^^^^^^^^^^^^^^
  File "D:\PythonWSOct24\tradeguide\db_read.py", line 44, in getopt
    last_two_dates_result = Options.query.with_entities(func.date(Options.date_entry)).distinct().order_by(func.date(Options.date_entry).desc()).limit(2).all()
                            ^^^^^^^^^^^^^^^^^^^^^^^^^^^^^^^^^^^^^^^^^^^^^^^^^^^^^^^^^^^^^^^^^^^^^^^^^^^^^^^^^^^^^^^^^^^^^^^^^^^^^^^^^^^^^^^^^^^^^^^^^^^^^^^^^^^
  File "D:\PythonWSOct24\tradeguide\tg-flask-venv\Lib\site-packages\sqlalchemy\orm\query.py", line 2673, in all
    return self._iter().all()  # type: ignore
           ^^^^^^^^^^^^
  File "D:\PythonWSOct24\tradeguide\tg-flask-venv\Lib\site-packages\sqlalchemy\orm\query.py", line 2827, in _iter
    result: Union[ScalarResult[_T], Result[_T]] = self.session.execute(
                                                  ^^^^^^^^^^^^^^^^^^^^^
  File "D:\PythonWSOct24\tradeguide\tg-flask-venv\Lib\site-packages\sqlalchemy\orm\session.py", line 2362, in execute
    return self._execute_internal(
           ^^^^^^^^^^^^^^^^^^^^^^^
  File "D:\PythonWSOct24\tradeguide\tg-flask-venv\Lib\site-packages\sqlalchemy\orm\session.py", line 2237, in _execute_internal
    conn = self._connection_for_bind(bind)
           ^^^^^^^^^^^^^^^^^^^^^^^^^^^^^^^
  File "D:\PythonWSOct24\tradeguide\tg-flask-venv\Lib\site-packages\sqlalchemy\orm\session.py", line 2106, in _connection_for_bind
    return trans._connection_for_bind(engine, execution_options)
           ^^^^^^^^^^^^^^^^^^^^^^^^^^^^^^^^^^^^^^^^^^^^^^^^^^^^^
  File "<string>", line 2, in _connection_for_bind
  File "D:\PythonWSOct24\tradeguide\tg-flask-venv\Lib\site-packages\sqlalchemy\orm\state_changes.py", line 139, in _go
    ret_value = fn(self, *arg, **kw)
                ^^^^^^^^^^^^^^^^^^^^
  File "D:\PythonWSOct24\tradeguide\tg-flask-venv\Lib\site-packages\sqlalchemy\orm\session.py", line 1189, in _connection_for_bind
    conn = bind.connect()
           ^^^^^^^^^^^^^^
  File "D:\PythonWSOct24\tradeguide\tg-flask-venv\Lib\site-packages\sqlalchemy\engine\base.py", line 3278, in connect
    return self._connection_cls(self)
           ^^^^^^^^^^^^^^^^^^^^^^^^^^
  File "D:\PythonWSOct24\tradeguide\tg-flask-venv\Lib\site-packages\sqlalchemy\engine\base.py", line 146, in __init__
    self._dbapi_connection = engine.raw_connection()
                             ^^^^^^^^^^^^^^^^^^^^^^^
  File "D:\PythonWSOct24\tradeguide\tg-flask-venv\Lib\site-packages\sqlalchemy\engine\base.py", line 3302, in raw_connection
    return self.pool.connect()
           ^^^^^^^^^^^^^^^^^^^
  File "D:\PythonWSOct24\tradeguide\tg-flask-venv\Lib\site-packages\sqlalchemy\pool\base.py", line 449, in connect
    return _ConnectionFairy._checkout(self)
           ^^^^^^^^^^^^^^^^^^^^^^^^^^^^^^^^
  File "D:\PythonWSOct24\tradeguide\tg-flask-venv\Lib\site-packages\sqlalchemy\pool\base.py", line 1263, in _checkout
    fairy = _ConnectionRecord.checkout(pool)
            ^^^^^^^^^^^^^^^^^^^^^^^^^^^^^^^^
  File "D:\PythonWSOct24\tradeguide\tg-flask-venv\Lib\site-packages\sqlalchemy\pool\base.py", line 712, in checkout
    rec = pool._do_get()
          ^^^^^^^^^^^^^^
  File "D:\PythonWSOct24\tradeguide\tg-flask-venv\Lib\site-packages\sqlalchemy\pool\impl.py", line 179, in _do_get
    with util.safe_reraise():
  File "D:\PythonWSOct24\tradeguide\tg-flask-venv\Lib\site-packages\sqlalchemy\util\langhelpers.py", line 146, in __exit__
    raise exc_value.with_traceback(exc_tb)
  File "D:\PythonWSOct24\tradeguide\tg-flask-venv\Lib\site-packages\sqlalchemy\pool\impl.py", line 177, in _do_get
    return self._create_connection()
           ^^^^^^^^^^^^^^^^^^^^^^^^^
  File "D:\PythonWSOct24\tradeguide\tg-flask-venv\Lib\site-packages\sqlalchemy\pool\base.py", line 390, in _create_connection
    return _ConnectionRecord(self)
           ^^^^^^^^^^^^^^^^^^^^^^^
  File "D:\PythonWSOct24\tradeguide\tg-flask-venv\Lib\site-packages\sqlalchemy\pool\base.py", line 674, in __init__
    self.__connect()
  File "D:\PythonWSOct24\tradeguide\tg-flask-venv\Lib\site-packages\sqlalchemy\pool\base.py", line 900, in __connect
    with util.safe_reraise():
  File "D:\PythonWSOct24\tradeguide\tg-flask-venv\Lib\site-packages\sqlalchemy\util\langhelpers.py", line 146, in __exit__
    raise exc_value.with_traceback(exc_tb)
  File "D:\PythonWSOct24\tradeguide\tg-flask-venv\Lib\site-packages\sqlalchemy\pool\base.py", line 896, in __connect
    self.dbapi_connection = connection = pool._invoke_creator(self)
                                         ^^^^^^^^^^^^^^^^^^^^^^^^^^
  File "D:\PythonWSOct24\tradeguide\tg-flask-venv\Lib\site-packages\sqlalchemy\engine\create.py", line 643, in connect
    return dialect.connect(*cargs, **cparams)
           ^^^^^^^^^^^^^^^^^^^^^^^^^^^^^^^^^^
  File "D:\PythonWSOct24\tradeguide\tg-flask-venv\Lib\site-packages\sqlalchemy\engine\default.py", line 621, in connect
    return self.loaded_dbapi.connect(*cargs, **cparams)
           ^^^^^^^^^^^^^^^^^^^^^^^^^^^^^^^^^^^^^^^^^^^^
  File "D:\PythonWSOct24\tradeguide\tg-flask-venv\Lib\site-packages\pymysql\connections.py", line 361, in __init__
    self.connect()
  File "D:\PythonWSOct24\tradeguide\tg-flask-venv\Lib\site-packages\pymysql\connections.py", line 669, in connect
    self._request_authentication()
  File "D:\PythonWSOct24\tradeguide\tg-flask-venv\Lib\site-packages\pymysql\connections.py", line 979, in _request_authentication
    auth_packet = _auth.caching_sha2_password_auth(self, auth_packet)
                  ^^^^^^^^^^^^^^^^^^^^^^^^^^^^^^^^^^^^^^^^^^^^^^^^^^^
  File "D:\PythonWSOct24\tradeguide\tg-flask-venv\Lib\site-packages\pymysql\_auth.py", line 267, in caching_sha2_password_auth
    data = sha2_rsa_encrypt(conn.password, conn.salt, conn.server_public_key)
           ^^^^^^^^^^^^^^^^^^^^^^^^^^^^^^^^^^^^^^^^^^^^^^^^^^^^^^^^^^^^^^^^^^
  File "D:\PythonWSOct24\tradeguide\tg-flask-venv\Lib\site-packages\pymysql\_auth.py", line 144, in sha2_rsa_encrypt
    raise RuntimeError(
RuntimeError: 'cryptography' package is required for sha256_password or caching_sha2_password auth methods
2025-04-13 15:30:08,750 - werkzeug - INFO - 127.0.0.1 - - [13/Apr/2025 15:30:08] "[35m[1mGET /options_analysis.html HTTP/1.1[0m" 500 -
2025-04-13 15:30:32,017 - app - INFO - Options analysis visited
2025-04-13 15:30:33,301 - werkzeug - INFO - 127.0.0.1 - - [13/Apr/2025 15:30:33] "GET /options_analysis.html HTTP/1.1" 200 -
2025-04-13 15:30:33,308 - werkzeug - INFO - 127.0.0.1 - - [13/Apr/2025 15:30:33] "[36mGET /static/pagehead.jpg HTTP/1.1[0m" 304 -
2025-04-13 15:32:24,805 - werkzeug - INFO - [31m[1mWARNING: This is a development server. Do not use it in a production deployment. Use a production WSGI server instead.[0m
 * Running on http://127.0.0.1:5000
2025-04-13 15:32:24,805 - werkzeug - INFO - [33mPress CTRL+C to quit[0m
2025-04-13 15:32:29,552 - app - INFO - Options analysis visited
2025-04-13 15:32:30,541 - werkzeug - INFO - 127.0.0.1 - - [13/Apr/2025 15:32:30] "GET /options_analysis.html HTTP/1.1" 200 -
2025-04-13 15:32:30,593 - werkzeug - INFO - 127.0.0.1 - - [13/Apr/2025 15:32:30] "[36mGET /static/pagehead.jpg HTTP/1.1[0m" 304 -
2025-04-13 15:35:01,104 - app - INFO - IVIX: 20.11, Nifty50: 22828.55, Nifty Futures: 22948.0
2025-04-13 15:35:02,829 - app - INFO - Structure of modified niftytop_data: <class 'list'>, [{'symbol': 'HDFC Bank Ltd.', 'ltp': 1807}, {'symbol': 'Reliance Industries.', 'ltp': 1219}, {'symbol': 'ICICI Bank Ltd.', 'ltp': 1312}, {'symbol': 'Infosys Ltd.', 'ltp': 1409}, {'symbol': 'ITC Ltd.', 'ltp': 422}, {'symbol': 'Tata TCS', 'ltp': 3232}, {'symbol': 'L&T  Ltd.', 'ltp': 3116}, {'symbol': 'Axis Bank Ltd.', 'ltp': 1069}, {'symbol': 'Kotak M Bank Ltd.', 'ltp': 754}, {'symbol': 'Bharti Airtel Ltd.', 'ltp': 1757}]
2025-04-13 15:35:04,069 - app - INFO - Processed PCR data and saved to JSON file
2025-04-13 15:35:04,475 - app - INFO - Processed PCR data and saved to JSON file
2025-04-13 15:35:04,996 - app - INFO - Processed PCR data and saved to JSON file
2025-04-13 15:35:05,343 - schedule - DEBUG - Cancelling job "Job(interval=1, unit=days, do=job, args=(), kwargs={'access_token': 'eyJ0eXAiOiJKV1QiLCJrZXlfaWQiOiJza192MS4wIiwiYWxnIjoiSFMyNTYifQ.eyJzdWIiOiIyVUNSUkgiLCJqdGkiOiI2N2ZiOGIyNzE3MjcyZDc0MjU0MjYyMDEiLCJpc011bHRpQ2xpZW50IjpmYWxzZSwiaWF0IjoxNzQ0NTM4NDA3LCJpc3MiOiJ1ZGFwaS1nYXRld2F5LXNlcnZpY2UiLCJleHAiOjE3NDQ1ODE2MDB9.j_j6wJKy5pRMH0AhfR4NOlcUds7AXy5SB1_fX8HWb14'})"
2025-04-13 15:36:36,132 - werkzeug - INFO - [31m[1mWARNING: This is a development server. Do not use it in a production deployment. Use a production WSGI server instead.[0m
 * Running on http://127.0.0.1:5000
2025-04-13 15:36:36,133 - werkzeug - INFO - [33mPress CTRL+C to quit[0m
2025-04-13 15:36:39,323 - app - INFO - Options analysis visited
2025-04-13 15:36:40,296 - werkzeug - INFO - 127.0.0.1 - - [13/Apr/2025 15:36:40] "GET /options_analysis.html HTTP/1.1" 200 -
2025-04-13 15:36:40,346 - werkzeug - INFO - 127.0.0.1 - - [13/Apr/2025 15:36:40] "[36mGET /static/pagehead.jpg HTTP/1.1[0m" 304 -
2025-04-13 15:40:00,873 - app - INFO - IVIX: 20.11, Nifty50: 22828.55, Nifty Futures: 22948.0
2025-04-13 15:40:02,495 - app - INFO - Structure of modified niftytop_data: <class 'list'>, [{'symbol': 'HDFC Bank Ltd.', 'ltp': 1807}, {'symbol': 'Reliance Industries.', 'ltp': 1219}, {'symbol': 'ICICI Bank Ltd.', 'ltp': 1312}, {'symbol': 'Infosys Ltd.', 'ltp': 1409}, {'symbol': 'ITC Ltd.', 'ltp': 422}, {'symbol': 'Tata TCS', 'ltp': 3232}, {'symbol': 'L&T  Ltd.', 'ltp': 3116}, {'symbol': 'Axis Bank Ltd.', 'ltp': 1069}, {'symbol': 'Kotak M Bank Ltd.', 'ltp': 754}, {'symbol': 'Bharti Airtel Ltd.', 'ltp': 1757}]
2025-04-13 15:40:03,789 - app - INFO - Processed PCR data and saved to JSON file
2025-04-13 15:40:04,160 - app - INFO - Processed PCR data and saved to JSON file
2025-04-13 15:40:04,521 - app - INFO - Processed PCR data and saved to JSON file
2025-04-13 15:40:04,895 - schedule - DEBUG - Cancelling job "Job(interval=1, unit=days, do=job, args=(), kwargs={'access_token': 'eyJ0eXAiOiJKV1QiLCJrZXlfaWQiOiJza192MS4wIiwiYWxnIjoiSFMyNTYifQ.eyJzdWIiOiIyVUNSUkgiLCJqdGkiOiI2N2ZiOGIyNzE3MjcyZDc0MjU0MjYyMDEiLCJpc011bHRpQ2xpZW50IjpmYWxzZSwiaWF0IjoxNzQ0NTM4NDA3LCJpc3MiOiJ1ZGFwaS1nYXRld2F5LXNlcnZpY2UiLCJleHAiOjE3NDQ1ODE2MDB9.j_j6wJKy5pRMH0AhfR4NOlcUds7AXy5SB1_fX8HWb14'})"
2025-04-13 15:41:24,227 - werkzeug - INFO - [31m[1mWARNING: This is a development server. Do not use it in a production deployment. Use a production WSGI server instead.[0m
 * Running on http://127.0.0.1:5000
2025-04-13 15:41:24,228 - werkzeug - INFO - [33mPress CTRL+C to quit[0m
2025-04-13 15:41:27,362 - app - INFO - Options analysis visited
2025-04-13 15:41:28,357 - werkzeug - INFO - 127.0.0.1 - - [13/Apr/2025 15:41:28] "GET /options_analysis.html HTTP/1.1" 200 -
2025-04-13 15:41:28,403 - werkzeug - INFO - 127.0.0.1 - - [13/Apr/2025 15:41:28] "[36mGET /static/pagehead.jpg HTTP/1.1[0m" 304 -
2025-04-13 15:42:46,624 - werkzeug - INFO - [31m[1mWARNING: This is a development server. Do not use it in a production deployment. Use a production WSGI server instead.[0m
 * Running on http://127.0.0.1:5000
2025-04-13 15:42:46,624 - werkzeug - INFO - [33mPress CTRL+C to quit[0m
2025-04-13 15:42:52,057 - app - INFO - Options analysis visited
2025-04-13 15:42:53,062 - werkzeug - INFO - 127.0.0.1 - - [13/Apr/2025 15:42:53] "GET /options_analysis.html HTTP/1.1" 200 -
2025-04-13 15:42:53,109 - werkzeug - INFO - 127.0.0.1 - - [13/Apr/2025 15:42:53] "[36mGET /static/pagehead.jpg HTTP/1.1[0m" 304 -
2025-04-13 15:45:00,733 - app - INFO - IVIX: 20.11, Nifty50: 22828.55, Nifty Futures: 22948.0
2025-04-13 15:45:02,441 - app - INFO - Structure of modified niftytop_data: <class 'list'>, [{'symbol': 'HDFC Bank Ltd.', 'ltp': 1807}, {'symbol': 'Reliance Industries.', 'ltp': 1219}, {'symbol': 'ICICI Bank Ltd.', 'ltp': 1312}, {'symbol': 'Infosys Ltd.', 'ltp': 1409}, {'symbol': 'ITC Ltd.', 'ltp': 422}, {'symbol': 'Tata TCS', 'ltp': 3232}, {'symbol': 'L&T  Ltd.', 'ltp': 3116}, {'symbol': 'Axis Bank Ltd.', 'ltp': 1069}, {'symbol': 'Kotak M Bank Ltd.', 'ltp': 754}, {'symbol': 'Bharti Airtel Ltd.', 'ltp': 1757}]
2025-04-13 15:45:03,006 - app - ERROR - Error occurred in findmidcaptop function: [Errno 2] No such file or directory: 'jsonfolder/midcaptop5.json'
2025-04-13 15:45:03,694 - app - INFO - Processed PCR data and saved to JSON file
2025-04-13 15:45:04,027 - app - INFO - Processed PCR data and saved to JSON file
2025-04-13 15:45:04,374 - app - INFO - Processed PCR data and saved to JSON file
2025-04-13 15:45:04,746 - schedule - DEBUG - Cancelling job "Job(interval=1, unit=days, do=job, args=(), kwargs={'access_token': 'eyJ0eXAiOiJKV1QiLCJrZXlfaWQiOiJza192MS4wIiwiYWxnIjoiSFMyNTYifQ.eyJzdWIiOiIyVUNSUkgiLCJqdGkiOiI2N2ZiOGIyNzE3MjcyZDc0MjU0MjYyMDEiLCJpc011bHRpQ2xpZW50IjpmYWxzZSwiaWF0IjoxNzQ0NTM4NDA3LCJpc3MiOiJ1ZGFwaS1nYXRld2F5LXNlcnZpY2UiLCJleHAiOjE3NDQ1ODE2MDB9.j_j6wJKy5pRMH0AhfR4NOlcUds7AXy5SB1_fX8HWb14'})"
2025-04-13 15:50:01,528 - app - INFO - IVIX: 20.11, Nifty50: 22828.55, Nifty Futures: 22948.0
2025-04-13 15:50:03,190 - app - INFO - Structure of modified niftytop_data: <class 'list'>, [{'symbol': 'HDFC Bank Ltd.', 'ltp': 1807}, {'symbol': 'Reliance Industries.', 'ltp': 1219}, {'symbol': 'ICICI Bank Ltd.', 'ltp': 1312}, {'symbol': 'Infosys Ltd.', 'ltp': 1409}, {'symbol': 'ITC Ltd.', 'ltp': 422}, {'symbol': 'Tata TCS', 'ltp': 3232}, {'symbol': 'L&T  Ltd.', 'ltp': 3116}, {'symbol': 'Axis Bank Ltd.', 'ltp': 1069}, {'symbol': 'Kotak M Bank Ltd.', 'ltp': 754}, {'symbol': 'Bharti Airtel Ltd.', 'ltp': 1757}]
2025-04-13 15:50:03,794 - app - ERROR - Error occurred in findmidcaptop function: [Errno 2] No such file or directory: 'jsonfolder/midcaptop5.json'
2025-04-13 15:50:04,451 - app - INFO - Processed PCR data and saved to JSON file
2025-04-13 15:50:04,800 - app - INFO - Processed PCR data and saved to JSON file
2025-04-13 15:50:05,151 - app - INFO - Processed PCR data and saved to JSON file
2025-04-13 15:50:05,444 - schedule - DEBUG - Cancelling job "Job(interval=1, unit=days, do=job, args=(), kwargs={'access_token': 'eyJ0eXAiOiJKV1QiLCJrZXlfaWQiOiJza192MS4wIiwiYWxnIjoiSFMyNTYifQ.eyJzdWIiOiIyVUNSUkgiLCJqdGkiOiI2N2ZiOGIyNzE3MjcyZDc0MjU0MjYyMDEiLCJpc011bHRpQ2xpZW50IjpmYWxzZSwiaWF0IjoxNzQ0NTM4NDA3LCJpc3MiOiJ1ZGFwaS1nYXRld2F5LXNlcnZpY2UiLCJleHAiOjE3NDQ1ODE2MDB9.j_j6wJKy5pRMH0AhfR4NOlcUds7AXy5SB1_fX8HWb14'})"
2025-04-13 15:52:40,845 - werkzeug - INFO - [31m[1mWARNING: This is a development server. Do not use it in a production deployment. Use a production WSGI server instead.[0m
 * Running on http://127.0.0.1:5000
2025-04-13 15:52:40,845 - werkzeug - INFO - [33mPress CTRL+C to quit[0m
2025-04-13 15:52:51,123 - app - INFO - Options analysis visited
2025-04-13 15:52:52,155 - werkzeug - INFO - 127.0.0.1 - - [13/Apr/2025 15:52:52] "GET /options_analysis.html HTTP/1.1" 200 -
2025-04-13 15:52:52,205 - werkzeug - INFO - 127.0.0.1 - - [13/Apr/2025 15:52:52] "[36mGET /static/pagehead.jpg HTTP/1.1[0m" 304 -
2025-04-13 16:00:24,460 - app - INFO - Options analysis visited
2025-04-13 16:00:25,472 - werkzeug - INFO - 127.0.0.1 - - [13/Apr/2025 16:00:25] "GET /options_analysis.html HTTP/1.1" 200 -
2025-04-13 16:00:25,474 - werkzeug - INFO - 127.0.0.1 - - [13/Apr/2025 16:00:25] "[36mGET /static/pagehead.jpg HTTP/1.1[0m" 304 -
2025-04-13 16:12:15,102 - werkzeug - INFO - [31m[1mWARNING: This is a development server. Do not use it in a production deployment. Use a production WSGI server instead.[0m
 * Running on http://127.0.0.1:5000
2025-04-13 16:12:15,102 - werkzeug - INFO - [33mPress CTRL+C to quit[0m
2025-04-13 16:12:49,903 - werkzeug - INFO - [31m[1mWARNING: This is a development server. Do not use it in a production deployment. Use a production WSGI server instead.[0m
 * Running on http://127.0.0.1:5000
2025-04-13 16:12:49,903 - werkzeug - INFO - [33mPress CTRL+C to quit[0m
2025-04-13 16:12:54,396 - app - INFO - Options analysis visited
2025-04-13 16:12:55,419 - werkzeug - INFO - 127.0.0.1 - - [13/Apr/2025 16:12:55] "GET /options_analysis.html HTTP/1.1" 200 -
2025-04-13 16:12:55,469 - werkzeug - INFO - 127.0.0.1 - - [13/Apr/2025 16:12:55] "[36mGET /static/pagehead.jpg HTTP/1.1[0m" 304 -
2025-04-13 16:13:13,824 - werkzeug - INFO - [31m[1mWARNING: This is a development server. Do not use it in a production deployment. Use a production WSGI server instead.[0m
 * Running on http://127.0.0.1:5000
2025-04-13 16:13:13,824 - werkzeug - INFO - [33mPress CTRL+C to quit[0m
2025-04-13 16:13:17,507 - app - INFO - Options analysis visited
2025-04-13 16:13:18,499 - werkzeug - INFO - 127.0.0.1 - - [13/Apr/2025 16:13:18] "GET /options_analysis.html HTTP/1.1" 200 -
2025-04-13 16:13:18,545 - werkzeug - INFO - 127.0.0.1 - - [13/Apr/2025 16:13:18] "[36mGET /static/pagehead.jpg HTTP/1.1[0m" 304 -
2025-04-13 16:15:01,074 - app - INFO - IVIX: 20.11, Nifty50: 22828.55, Nifty Futures: 22948.0
2025-04-13 16:15:02,926 - app - INFO - Structure of modified niftytop_data: <class 'list'>, [{'symbol': 'HDFC Bank Ltd.', 'ltp': 1807}, {'symbol': 'Reliance Industries.', 'ltp': 1219}, {'symbol': 'ICICI Bank Ltd.', 'ltp': 1312}, {'symbol': 'Infosys Ltd.', 'ltp': 1409}, {'symbol': 'ITC Ltd.', 'ltp': 422}, {'symbol': 'Tata TCS', 'ltp': 3232}, {'symbol': 'L&T  Ltd.', 'ltp': 3116}, {'symbol': 'Axis Bank Ltd.', 'ltp': 1069}, {'symbol': 'Kotak M Bank Ltd.', 'ltp': 754}, {'symbol': 'Bharti Airtel Ltd.', 'ltp': 1757}]
2025-04-13 16:15:03,502 - app - ERROR - Error occurred in findmidcaptop function: cannot access local variable 'file_path' where it is not associated with a value
2025-04-13 16:15:04,224 - app - INFO - Processed PCR data and saved to JSON file
2025-04-13 16:15:04,666 - app - INFO - Processed PCR data and saved to JSON file
2025-04-13 16:15:05,001 - app - INFO - Processed PCR data and saved to JSON file
2025-04-13 16:15:05,305 - schedule - DEBUG - Cancelling job "Job(interval=1, unit=days, do=job, args=(), kwargs={'access_token': 'eyJ0eXAiOiJKV1QiLCJrZXlfaWQiOiJza192MS4wIiwiYWxnIjoiSFMyNTYifQ.eyJzdWIiOiIyVUNSUkgiLCJqdGkiOiI2N2ZiOGIyNzE3MjcyZDc0MjU0MjYyMDEiLCJpc011bHRpQ2xpZW50IjpmYWxzZSwiaWF0IjoxNzQ0NTM4NDA3LCJpc3MiOiJ1ZGFwaS1nYXRld2F5LXNlcnZpY2UiLCJleHAiOjE3NDQ1ODE2MDB9.j_j6wJKy5pRMH0AhfR4NOlcUds7AXy5SB1_fX8HWb14'})"
2025-04-13 16:20:01,034 - app - INFO - IVIX: 20.11, Nifty50: 22828.55, Nifty Futures: 22948.0
2025-04-13 16:20:02,752 - app - INFO - Structure of modified niftytop_data: <class 'list'>, [{'symbol': 'HDFC Bank Ltd.', 'ltp': 1807}, {'symbol': 'Reliance Industries.', 'ltp': 1219}, {'symbol': 'ICICI Bank Ltd.', 'ltp': 1312}, {'symbol': 'Infosys Ltd.', 'ltp': 1409}, {'symbol': 'ITC Ltd.', 'ltp': 422}, {'symbol': 'Tata TCS', 'ltp': 3232}, {'symbol': 'L&T  Ltd.', 'ltp': 3116}, {'symbol': 'Axis Bank Ltd.', 'ltp': 1069}, {'symbol': 'Kotak M Bank Ltd.', 'ltp': 754}, {'symbol': 'Bharti Airtel Ltd.', 'ltp': 1757}]
2025-04-13 16:20:03,370 - app - ERROR - Error occurred in findmidcaptop function: cannot access local variable 'file_path' where it is not associated with a value
2025-04-13 16:20:04,083 - app - INFO - Processed PCR data and saved to JSON file
2025-04-13 16:20:04,434 - app - INFO - Processed PCR data and saved to JSON file
2025-04-13 16:20:04,856 - app - INFO - Processed PCR data and saved to JSON file
2025-04-13 16:20:05,181 - schedule - DEBUG - Cancelling job "Job(interval=1, unit=days, do=job, args=(), kwargs={'access_token': 'eyJ0eXAiOiJKV1QiLCJrZXlfaWQiOiJza192MS4wIiwiYWxnIjoiSFMyNTYifQ.eyJzdWIiOiIyVUNSUkgiLCJqdGkiOiI2N2ZiOGIyNzE3MjcyZDc0MjU0MjYyMDEiLCJpc011bHRpQ2xpZW50IjpmYWxzZSwiaWF0IjoxNzQ0NTM4NDA3LCJpc3MiOiJ1ZGFwaS1nYXRld2F5LXNlcnZpY2UiLCJleHAiOjE3NDQ1ODE2MDB9.j_j6wJKy5pRMH0AhfR4NOlcUds7AXy5SB1_fX8HWb14'})"
2025-04-13 16:25:01,682 - app - INFO - IVIX: 20.11, Nifty50: 22828.55, Nifty Futures: 22948.0
2025-04-13 16:25:03,333 - app - INFO - Structure of modified niftytop_data: <class 'list'>, [{'symbol': 'HDFC Bank Ltd.', 'ltp': 1807}, {'symbol': 'Reliance Industries.', 'ltp': 1219}, {'symbol': 'ICICI Bank Ltd.', 'ltp': 1312}, {'symbol': 'Infosys Ltd.', 'ltp': 1409}, {'symbol': 'ITC Ltd.', 'ltp': 422}, {'symbol': 'Tata TCS', 'ltp': 3232}, {'symbol': 'L&T  Ltd.', 'ltp': 3116}, {'symbol': 'Axis Bank Ltd.', 'ltp': 1069}, {'symbol': 'Kotak M Bank Ltd.', 'ltp': 754}, {'symbol': 'Bharti Airtel Ltd.', 'ltp': 1757}]
2025-04-13 16:25:03,954 - app - ERROR - Error occurred in findmidcaptop function: cannot access local variable 'file_path' where it is not associated with a value
2025-04-13 16:25:04,690 - app - INFO - Processed PCR data and saved to JSON file
2025-04-13 16:25:05,029 - app - INFO - Processed PCR data and saved to JSON file
2025-04-13 16:25:05,392 - app - INFO - Processed PCR data and saved to JSON file
2025-04-13 16:25:05,741 - schedule - DEBUG - Cancelling job "Job(interval=1, unit=days, do=job, args=(), kwargs={'access_token': 'eyJ0eXAiOiJKV1QiLCJrZXlfaWQiOiJza192MS4wIiwiYWxnIjoiSFMyNTYifQ.eyJzdWIiOiIyVUNSUkgiLCJqdGkiOiI2N2ZiOGIyNzE3MjcyZDc0MjU0MjYyMDEiLCJpc011bHRpQ2xpZW50IjpmYWxzZSwiaWF0IjoxNzQ0NTM4NDA3LCJpc3MiOiJ1ZGFwaS1nYXRld2F5LXNlcnZpY2UiLCJleHAiOjE3NDQ1ODE2MDB9.j_j6wJKy5pRMH0AhfR4NOlcUds7AXy5SB1_fX8HWb14'})"
2025-04-13 16:30:01,422 - app - INFO - IVIX: 20.11, Nifty50: 22828.55, Nifty Futures: 22948.0
2025-04-13 16:30:03,284 - app - INFO - Structure of modified niftytop_data: <class 'list'>, [{'symbol': 'HDFC Bank Ltd.', 'ltp': 1807}, {'symbol': 'Reliance Industries.', 'ltp': 1219}, {'symbol': 'ICICI Bank Ltd.', 'ltp': 1312}, {'symbol': 'Infosys Ltd.', 'ltp': 1409}, {'symbol': 'ITC Ltd.', 'ltp': 422}, {'symbol': 'Tata TCS', 'ltp': 3232}, {'symbol': 'L&T  Ltd.', 'ltp': 3116}, {'symbol': 'Axis Bank Ltd.', 'ltp': 1069}, {'symbol': 'Kotak M Bank Ltd.', 'ltp': 754}, {'symbol': 'Bharti Airtel Ltd.', 'ltp': 1757}]
2025-04-13 16:30:03,856 - app - ERROR - Error occurred in findmidcaptop function: cannot access local variable 'file_path' where it is not associated with a value
2025-04-13 16:30:04,482 - app - INFO - Processed PCR data and saved to JSON file
2025-04-13 16:30:04,847 - app - INFO - Processed PCR data and saved to JSON file
2025-04-13 16:30:05,197 - app - INFO - Processed PCR data and saved to JSON file
2025-04-13 16:30:05,537 - schedule - DEBUG - Cancelling job "Job(interval=1, unit=days, do=job, args=(), kwargs={'access_token': 'eyJ0eXAiOiJKV1QiLCJrZXlfaWQiOiJza192MS4wIiwiYWxnIjoiSFMyNTYifQ.eyJzdWIiOiIyVUNSUkgiLCJqdGkiOiI2N2ZiOGIyNzE3MjcyZDc0MjU0MjYyMDEiLCJpc011bHRpQ2xpZW50IjpmYWxzZSwiaWF0IjoxNzQ0NTM4NDA3LCJpc3MiOiJ1ZGFwaS1nYXRld2F5LXNlcnZpY2UiLCJleHAiOjE3NDQ1ODE2MDB9.j_j6wJKy5pRMH0AhfR4NOlcUds7AXy5SB1_fX8HWb14'})"
2025-04-13 16:32:49,675 - werkzeug - INFO - [31m[1mWARNING: This is a development server. Do not use it in a production deployment. Use a production WSGI server instead.[0m
 * Running on http://127.0.0.1:5000
2025-04-13 16:32:49,675 - werkzeug - INFO - [33mPress CTRL+C to quit[0m
2025-04-13 16:32:53,381 - app - INFO - Options analysis visited
2025-04-13 16:32:54,481 - werkzeug - INFO - 127.0.0.1 - - [13/Apr/2025 16:32:54] "GET /options_analysis.html HTTP/1.1" 200 -
2025-04-13 16:32:54,534 - werkzeug - INFO - 127.0.0.1 - - [13/Apr/2025 16:32:54] "[36mGET /static/pagehead.jpg HTTP/1.1[0m" 304 -
2025-04-13 16:35:00,975 - app - INFO - IVIX: 20.11, Nifty50: 22828.55, Nifty Futures: 22948.0
2025-04-13 16:35:02,624 - app - INFO - Structure of modified niftytop_data: <class 'list'>, [{'symbol': 'HDFC Bank Ltd.', 'ltp': 1807}, {'symbol': 'Reliance Industries.', 'ltp': 1219}, {'symbol': 'ICICI Bank Ltd.', 'ltp': 1312}, {'symbol': 'Infosys Ltd.', 'ltp': 1409}, {'symbol': 'ITC Ltd.', 'ltp': 422}, {'symbol': 'Tata TCS', 'ltp': 3232}, {'symbol': 'L&T  Ltd.', 'ltp': 3116}, {'symbol': 'Axis Bank Ltd.', 'ltp': 1069}, {'symbol': 'Kotak M Bank Ltd.', 'ltp': 754}, {'symbol': 'Bharti Airtel Ltd.', 'ltp': 1757}]
2025-04-13 16:35:03,802 - app - INFO - Processed PCR data and saved to JSON file
2025-04-13 16:35:04,162 - app - INFO - Processed PCR data and saved to JSON file
2025-04-13 16:35:04,529 - app - INFO - Processed PCR data and saved to JSON file
2025-04-13 16:35:04,854 - schedule - DEBUG - Cancelling job "Job(interval=1, unit=days, do=job, args=(), kwargs={'access_token': 'eyJ0eXAiOiJKV1QiLCJrZXlfaWQiOiJza192MS4wIiwiYWxnIjoiSFMyNTYifQ.eyJzdWIiOiIyVUNSUkgiLCJqdGkiOiI2N2ZiOGIyNzE3MjcyZDc0MjU0MjYyMDEiLCJpc011bHRpQ2xpZW50IjpmYWxzZSwiaWF0IjoxNzQ0NTM4NDA3LCJpc3MiOiJ1ZGFwaS1nYXRld2F5LXNlcnZpY2UiLCJleHAiOjE3NDQ1ODE2MDB9.j_j6wJKy5pRMH0AhfR4NOlcUds7AXy5SB1_fX8HWb14'})"
2025-04-13 17:54:08,837 - werkzeug - INFO - [31m[1mWARNING: This is a development server. Do not use it in a production deployment. Use a production WSGI server instead.[0m
 * Running on http://127.0.0.1:5000
2025-04-13 17:54:08,837 - werkzeug - INFO - [33mPress CTRL+C to quit[0m
2025-04-13 17:55:11,299 - werkzeug - INFO - [31m[1mWARNING: This is a development server. Do not use it in a production deployment. Use a production WSGI server instead.[0m
 * Running on http://127.0.0.1:5000
2025-04-13 17:55:11,299 - werkzeug - INFO - [33mPress CTRL+C to quit[0m
2025-04-13 18:00:51,777 - werkzeug - INFO - [31m[1mWARNING: This is a development server. Do not use it in a production deployment. Use a production WSGI server instead.[0m
 * Running on http://127.0.0.1:5000
2025-04-13 18:00:51,777 - werkzeug - INFO - [33mPress CTRL+C to quit[0m
2025-04-13 18:00:55,088 - app - INFO - Options analysis visited
2025-04-13 18:00:56,169 - werkzeug - INFO - 127.0.0.1 - - [13/Apr/2025 18:00:56] "GET /options_analysis.html HTTP/1.1" 200 -
2025-04-13 18:00:56,230 - werkzeug - INFO - 127.0.0.1 - - [13/Apr/2025 18:00:56] "[36mGET /static/pagehead.jpg HTTP/1.1[0m" 304 -
2025-04-13 18:07:50,593 - werkzeug - INFO - [31m[1mWARNING: This is a development server. Do not use it in a production deployment. Use a production WSGI server instead.[0m
 * Running on http://127.0.0.1:5000
2025-04-13 18:07:50,593 - werkzeug - INFO - [33mPress CTRL+C to quit[0m
2025-04-13 18:07:53,497 - app - INFO - Options analysis visited
2025-04-13 18:07:54,601 - werkzeug - INFO - 127.0.0.1 - - [13/Apr/2025 18:07:54] "GET /options_analysis.html HTTP/1.1" 200 -
2025-04-13 18:07:54,653 - werkzeug - INFO - 127.0.0.1 - - [13/Apr/2025 18:07:54] "[36mGET /static/pagehead.jpg HTTP/1.1[0m" 304 -
2025-04-13 18:10:01,099 - app - INFO - IVIX: 20.11, Nifty50: 22828.55, Nifty Futures: 22948.0
2025-04-13 18:10:02,722 - app - INFO - Structure of modified niftytop_data: <class 'list'>, [{'symbol': 'HDFC Bank Ltd.', 'ltp': 1807}, {'symbol': 'Reliance Industries.', 'ltp': 1219}, {'symbol': 'ICICI Bank Ltd.', 'ltp': 1312}, {'symbol': 'Infosys Ltd.', 'ltp': 1409}, {'symbol': 'ITC Ltd.', 'ltp': 422}, {'symbol': 'Tata TCS', 'ltp': 3232}, {'symbol': 'L&T  Ltd.', 'ltp': 3116}, {'symbol': 'Axis Bank Ltd.', 'ltp': 1069}, {'symbol': 'Kotak M Bank Ltd.', 'ltp': 754}, {'symbol': 'Bharti Airtel Ltd.', 'ltp': 1757}]
2025-04-13 18:10:03,993 - app - INFO - Processed PCR data and saved to JSON file
2025-04-13 18:10:04,344 - app - INFO - Processed PCR data and saved to JSON file
2025-04-13 18:10:04,694 - app - INFO - Processed PCR data and saved to JSON file
2025-04-13 18:10:05,042 - schedule - DEBUG - Cancelling job "Job(interval=1, unit=days, do=job, args=(), kwargs={'access_token': 'eyJ0eXAiOiJKV1QiLCJrZXlfaWQiOiJza192MS4wIiwiYWxnIjoiSFMyNTYifQ.eyJzdWIiOiIyVUNSUkgiLCJqdGkiOiI2N2ZiOGIyNzE3MjcyZDc0MjU0MjYyMDEiLCJpc011bHRpQ2xpZW50IjpmYWxzZSwiaWF0IjoxNzQ0NTM4NDA3LCJpc3MiOiJ1ZGFwaS1nYXRld2F5LXNlcnZpY2UiLCJleHAiOjE3NDQ1ODE2MDB9.j_j6wJKy5pRMH0AhfR4NOlcUds7AXy5SB1_fX8HWb14'})"
2025-04-13 18:12:34,849 - werkzeug - INFO - [31m[1mWARNING: This is a development server. Do not use it in a production deployment. Use a production WSGI server instead.[0m
 * Running on http://127.0.0.1:5000
2025-04-13 18:12:34,849 - werkzeug - INFO - [33mPress CTRL+C to quit[0m
2025-04-13 18:12:39,617 - app - INFO - Options analysis visited
2025-04-13 18:12:40,744 - werkzeug - INFO - 127.0.0.1 - - [13/Apr/2025 18:12:40] "GET /options_analysis.html HTTP/1.1" 200 -
2025-04-13 18:12:40,820 - werkzeug - INFO - 127.0.0.1 - - [13/Apr/2025 18:12:40] "[36mGET /static/pagehead.jpg HTTP/1.1[0m" 304 -
2025-04-13 18:15:01,215 - app - INFO - IVIX: 20.11, Nifty50: 22828.55, Nifty Futures: 22948.0
2025-04-13 18:15:02,727 - app - INFO - Structure of modified niftytop_data: <class 'list'>, [{'symbol': 'HDFC Bank Ltd.', 'ltp': 1807}, {'symbol': 'Reliance Industries.', 'ltp': 1219}, {'symbol': 'ICICI Bank Ltd.', 'ltp': 1312}, {'symbol': 'Infosys Ltd.', 'ltp': 1409}, {'symbol': 'ITC Ltd.', 'ltp': 422}, {'symbol': 'Tata TCS', 'ltp': 3232}, {'symbol': 'L&T  Ltd.', 'ltp': 3116}, {'symbol': 'Axis Bank Ltd.', 'ltp': 1069}, {'symbol': 'Kotak M Bank Ltd.', 'ltp': 754}, {'symbol': 'Bharti Airtel Ltd.', 'ltp': 1757}]
2025-04-13 18:15:03,931 - app - INFO - Processed PCR data and saved to JSON file
2025-04-13 18:15:04,278 - app - INFO - Processed PCR data and saved to JSON file
2025-04-13 18:15:04,624 - app - INFO - Processed PCR data and saved to JSON file
2025-04-13 18:15:04,918 - schedule - DEBUG - Cancelling job "Job(interval=1, unit=days, do=job, args=(), kwargs={'access_token': 'eyJ0eXAiOiJKV1QiLCJrZXlfaWQiOiJza192MS4wIiwiYWxnIjoiSFMyNTYifQ.eyJzdWIiOiIyVUNSUkgiLCJqdGkiOiI2N2ZiOGIyNzE3MjcyZDc0MjU0MjYyMDEiLCJpc011bHRpQ2xpZW50IjpmYWxzZSwiaWF0IjoxNzQ0NTM4NDA3LCJpc3MiOiJ1ZGFwaS1nYXRld2F5LXNlcnZpY2UiLCJleHAiOjE3NDQ1ODE2MDB9.j_j6wJKy5pRMH0AhfR4NOlcUds7AXy5SB1_fX8HWb14'})"
2025-04-13 22:26:26,910 - werkzeug - INFO - [31m[1mWARNING: This is a development server. Do not use it in a production deployment. Use a production WSGI server instead.[0m
 * Running on http://127.0.0.1:5000
2025-04-13 22:26:26,911 - werkzeug - INFO - [33mPress CTRL+C to quit[0m
2025-04-13 22:26:30,664 - app - INFO - Options analysis visited
2025-04-13 22:26:31,793 - werkzeug - INFO - 127.0.0.1 - - [13/Apr/2025 22:26:31] "GET /options_analysis.html HTTP/1.1" 200 -
2025-04-13 22:26:31,852 - werkzeug - INFO - 127.0.0.1 - - [13/Apr/2025 22:26:31] "[36mGET /static/pagehead.jpg HTTP/1.1[0m" 304 -
2025-04-13 22:30:01,368 - app - INFO - IVIX: 20.11, Nifty50: 22828.55, Nifty Futures: 22948.0
2025-04-13 22:30:03,030 - app - INFO - Structure of modified niftytop_data: <class 'list'>, [{'symbol': 'HDFC Bank Ltd.', 'ltp': 1807}, {'symbol': 'Reliance Industries.', 'ltp': 1219}, {'symbol': 'ICICI Bank Ltd.', 'ltp': 1312}, {'symbol': 'Infosys Ltd.', 'ltp': 1409}, {'symbol': 'ITC Ltd.', 'ltp': 422}, {'symbol': 'Tata TCS', 'ltp': 3232}, {'symbol': 'L&T  Ltd.', 'ltp': 3116}, {'symbol': 'Axis Bank Ltd.', 'ltp': 1069}, {'symbol': 'Kotak M Bank Ltd.', 'ltp': 754}, {'symbol': 'Bharti Airtel Ltd.', 'ltp': 1757}]
2025-04-13 22:30:04,296 - app - INFO - Processed PCR data and saved to JSON file
2025-04-13 22:30:04,646 - app - INFO - Processed PCR data and saved to JSON file
2025-04-13 22:30:05,071 - app - INFO - Processed PCR data and saved to JSON file
2025-04-13 22:30:05,353 - schedule - DEBUG - Cancelling job "Job(interval=1, unit=days, do=job, args=(), kwargs={'access_token': 'eyJ0eXAiOiJKV1QiLCJrZXlfaWQiOiJza192MS4wIiwiYWxnIjoiSFMyNTYifQ.eyJzdWIiOiIyVUNSUkgiLCJqdGkiOiI2N2ZiOGIyNzE3MjcyZDc0MjU0MjYyMDEiLCJpc011bHRpQ2xpZW50IjpmYWxzZSwiaWF0IjoxNzQ0NTM4NDA3LCJpc3MiOiJ1ZGFwaS1nYXRld2F5LXNlcnZpY2UiLCJleHAiOjE3NDQ1ODE2MDB9.j_j6wJKy5pRMH0AhfR4NOlcUds7AXy5SB1_fX8HWb14'})"
2025-04-13 22:34:12,374 - werkzeug - INFO - [31m[1mWARNING: This is a development server. Do not use it in a production deployment. Use a production WSGI server instead.[0m
 * Running on http://127.0.0.1:5000
2025-04-13 22:34:12,374 - werkzeug - INFO - [33mPress CTRL+C to quit[0m
2025-04-13 22:34:14,463 - app - INFO - Options analysis visited
2025-04-13 22:34:15,593 - werkzeug - INFO - 127.0.0.1 - - [13/Apr/2025 22:34:15] "GET /options_analysis.html HTTP/1.1" 200 -
2025-04-13 22:34:15,649 - werkzeug - INFO - 127.0.0.1 - - [13/Apr/2025 22:34:15] "[36mGET /static/pagehead.jpg HTTP/1.1[0m" 304 -
2025-04-13 22:34:50,461 - werkzeug - INFO - 127.0.0.1 - - [13/Apr/2025 22:34:50] "GET / HTTP/1.1" 200 -
2025-04-13 22:34:50,472 - werkzeug - INFO - 127.0.0.1 - - [13/Apr/2025 22:34:50] "[36mGET /static/pagehead.jpg HTTP/1.1[0m" 304 -
2025-04-13 22:34:53,180 - app - INFO - Generated token is eyJ0eXAiOiJKV1QiLCJrZXlfaWQiOiJza192MS4wIiwiYWxnIjoiSFMyNTYifQ.eyJzdWIiOiIyVUNSUkgiLCJqdGkiOiI2N2ZiZWViNWI5NWE4MjQxODU1YWUyYjYiLCJpc011bHRpQ2xpZW50IjpmYWxzZSwiaWF0IjoxNzQ0NTYzODkzLCJpc3MiOiJ1ZGFwaS1nYXRld2F5LXNlcnZpY2UiLCJleHAiOjE3NDQ1ODE2MDB9.ebeFF8PTWXD7_KWDwO8X6Xsr7rV4wbg9SwowkzFm2m8
2025-04-13 22:34:53,492 - app - INFO - Profile User:  {'data': {'broker': 'UPSTOX',
          'email': 'smartganesh2022@gmail.com',
          'exchanges': ['NFO', 'BCD', 'NSE', 'CDS', 'BFO', 'BSE'],
          'is_active': True,
          'order_types': ['MARKET', 'LIMIT', 'SL', 'SL-M'],
          'poa': False,
          'products': ['OCO', 'D', 'CO', 'I'],
          'user_id': '2UCRRH',
          'user_name': 'S Ganesh',
          'user_type': 'individual'},
 'status': 'success'}
2025-04-13 22:34:53,495 - werkzeug - INFO - 127.0.0.1 - - [13/Apr/2025 22:34:53] "POST /authorize HTTP/1.1" 200 -
2025-04-13 22:34:53,502 - werkzeug - INFO - 127.0.0.1 - - [13/Apr/2025 22:34:53] "[36mGET /static/pagehead.jpg HTTP/1.1[0m" 304 -
2025-04-13 22:34:54,134 - app - INFO - Options analysis visited
2025-04-13 22:34:55,209 - werkzeug - INFO - 127.0.0.1 - - [13/Apr/2025 22:34:55] "GET /options_analysis.html HTTP/1.1" 200 -
2025-04-13 22:34:55,221 - werkzeug - INFO - 127.0.0.1 - - [13/Apr/2025 22:34:55] "[36mGET /static/pagehead.jpg HTTP/1.1[0m" 304 -
2025-04-13 22:35:00,543 - app - INFO - IVIX: 20.11, Nifty50: 22828.55, Nifty Futures: 22948.0
2025-04-13 22:35:02,262 - app - INFO - Structure of modified niftytop_data: <class 'list'>, [{'symbol': 'HDFC Bank Ltd.', 'ltp': 1807}, {'symbol': 'Reliance Industries.', 'ltp': 1219}, {'symbol': 'ICICI Bank Ltd.', 'ltp': 1312}, {'symbol': 'Infosys Ltd.', 'ltp': 1409}, {'symbol': 'ITC Ltd.', 'ltp': 422}, {'symbol': 'Tata TCS', 'ltp': 3232}, {'symbol': 'L&T  Ltd.', 'ltp': 3116}, {'symbol': 'Axis Bank Ltd.', 'ltp': 1069}, {'symbol': 'Kotak M Bank Ltd.', 'ltp': 754}, {'symbol': 'Bharti Airtel Ltd.', 'ltp': 1757}]
2025-04-13 22:35:03,514 - app - INFO - Processed PCR data and saved to JSON file
2025-04-13 22:35:03,863 - app - INFO - Processed PCR data and saved to JSON file
2025-04-13 22:35:04,208 - app - INFO - Processed PCR data and saved to JSON file
2025-04-13 22:35:04,522 - schedule - DEBUG - Cancelling job "Job(interval=1, unit=days, do=job, args=(), kwargs={'access_token': 'eyJ0eXAiOiJKV1QiLCJrZXlfaWQiOiJza192MS4wIiwiYWxnIjoiSFMyNTYifQ.eyJzdWIiOiIyVUNSUkgiLCJqdGkiOiI2N2ZiZWViNWI5NWE4MjQxODU1YWUyYjYiLCJpc011bHRpQ2xpZW50IjpmYWxzZSwiaWF0IjoxNzQ0NTYzODkzLCJpc3MiOiJ1ZGFwaS1nYXRld2F5LXNlcnZpY2UiLCJleHAiOjE3NDQ1ODE2MDB9.ebeFF8PTWXD7_KWDwO8X6Xsr7rV4wbg9SwowkzFm2m8'})"
2025-04-13 22:38:16,940 - werkzeug - INFO - [31m[1mWARNING: This is a development server. Do not use it in a production deployment. Use a production WSGI server instead.[0m
 * Running on http://127.0.0.1:5000
2025-04-13 22:38:16,940 - werkzeug - INFO - [33mPress CTRL+C to quit[0m
2025-04-13 22:38:20,200 - app - INFO - Options analysis visited
2025-04-13 22:38:21,404 - werkzeug - INFO - 127.0.0.1 - - [13/Apr/2025 22:38:21] "GET /options_analysis.html HTTP/1.1" 200 -
2025-04-13 22:38:21,463 - werkzeug - INFO - 127.0.0.1 - - [13/Apr/2025 22:38:21] "[36mGET /static/pagehead.jpg HTTP/1.1[0m" 304 -
2025-04-13 22:40:00,755 - app - INFO - IVIX: 20.11, Nifty50: 22828.55, Nifty Futures: 22948.0
2025-04-13 22:40:02,391 - app - INFO - Structure of modified niftytop_data: <class 'list'>, [{'symbol': 'HDFC Bank Ltd.', 'ltp': 1807}, {'symbol': 'Reliance Industries.', 'ltp': 1219}, {'symbol': 'ICICI Bank Ltd.', 'ltp': 1312}, {'symbol': 'Infosys Ltd.', 'ltp': 1409}, {'symbol': 'ITC Ltd.', 'ltp': 422}, {'symbol': 'Tata TCS', 'ltp': 3232}, {'symbol': 'L&T  Ltd.', 'ltp': 3116}, {'symbol': 'Axis Bank Ltd.', 'ltp': 1069}, {'symbol': 'Kotak M Bank Ltd.', 'ltp': 754}, {'symbol': 'Bharti Airtel Ltd.', 'ltp': 1757}]
2025-04-13 22:40:03,681 - app - INFO - Processed PCR data and saved to JSON file
2025-04-13 22:40:04,031 - app - INFO - Processed PCR data and saved to JSON file
2025-04-13 22:40:04,402 - app - INFO - Processed PCR data and saved to JSON file
2025-04-13 22:40:04,702 - schedule - DEBUG - Cancelling job "Job(interval=1, unit=days, do=job, args=(), kwargs={'access_token': 'eyJ0eXAiOiJKV1QiLCJrZXlfaWQiOiJza192MS4wIiwiYWxnIjoiSFMyNTYifQ.eyJzdWIiOiIyVUNSUkgiLCJqdGkiOiI2N2ZiZWViNWI5NWE4MjQxODU1YWUyYjYiLCJpc011bHRpQ2xpZW50IjpmYWxzZSwiaWF0IjoxNzQ0NTYzODkzLCJpc3MiOiJ1ZGFwaS1nYXRld2F5LXNlcnZpY2UiLCJleHAiOjE3NDQ1ODE2MDB9.ebeFF8PTWXD7_KWDwO8X6Xsr7rV4wbg9SwowkzFm2m8'})"
2025-04-13 22:45:01,521 - app - INFO - IVIX: 20.11, Nifty50: 22828.55, Nifty Futures: 22948.0
2025-04-13 22:45:03,104 - app - INFO - Structure of modified niftytop_data: <class 'list'>, [{'symbol': 'HDFC Bank Ltd.', 'ltp': 1807}, {'symbol': 'Reliance Industries.', 'ltp': 1219}, {'symbol': 'ICICI Bank Ltd.', 'ltp': 1312}, {'symbol': 'Infosys Ltd.', 'ltp': 1409}, {'symbol': 'ITC Ltd.', 'ltp': 422}, {'symbol': 'Tata TCS', 'ltp': 3232}, {'symbol': 'L&T  Ltd.', 'ltp': 3116}, {'symbol': 'Axis Bank Ltd.', 'ltp': 1069}, {'symbol': 'Kotak M Bank Ltd.', 'ltp': 754}, {'symbol': 'Bharti Airtel Ltd.', 'ltp': 1757}]
2025-04-13 22:45:04,368 - app - INFO - Processed PCR data and saved to JSON file
2025-04-13 22:45:04,742 - app - INFO - Processed PCR data and saved to JSON file
2025-04-13 22:45:05,116 - app - INFO - Processed PCR data and saved to JSON file
2025-04-13 22:45:05,452 - schedule - DEBUG - Cancelling job "Job(interval=1, unit=days, do=job, args=(), kwargs={'access_token': 'eyJ0eXAiOiJKV1QiLCJrZXlfaWQiOiJza192MS4wIiwiYWxnIjoiSFMyNTYifQ.eyJzdWIiOiIyVUNSUkgiLCJqdGkiOiI2N2ZiZWViNWI5NWE4MjQxODU1YWUyYjYiLCJpc011bHRpQ2xpZW50IjpmYWxzZSwiaWF0IjoxNzQ0NTYzODkzLCJpc3MiOiJ1ZGFwaS1nYXRld2F5LXNlcnZpY2UiLCJleHAiOjE3NDQ1ODE2MDB9.ebeFF8PTWXD7_KWDwO8X6Xsr7rV4wbg9SwowkzFm2m8'})"
2025-04-13 22:45:19,128 - werkzeug - INFO - [31m[1mWARNING: This is a development server. Do not use it in a production deployment. Use a production WSGI server instead.[0m
 * Running on http://127.0.0.1:5000
2025-04-13 22:45:19,128 - werkzeug - INFO - [33mPress CTRL+C to quit[0m
2025-04-13 22:45:23,249 - app - INFO - Options analysis visited
2025-04-13 22:45:24,434 - werkzeug - INFO - 127.0.0.1 - - [13/Apr/2025 22:45:24] "GET /options_analysis.html HTTP/1.1" 200 -
2025-04-13 22:45:24,490 - werkzeug - INFO - 127.0.0.1 - - [13/Apr/2025 22:45:24] "[36mGET /static/pagehead.jpg HTTP/1.1[0m" 304 -
2025-04-13 22:45:36,736 - werkzeug - INFO - [31m[1mWARNING: This is a development server. Do not use it in a production deployment. Use a production WSGI server instead.[0m
 * Running on http://127.0.0.1:5000
2025-04-13 22:45:36,736 - werkzeug - INFO - [33mPress CTRL+C to quit[0m
2025-04-13 22:45:38,822 - app - INFO - Options analysis visited
2025-04-13 22:45:40,064 - werkzeug - INFO - 127.0.0.1 - - [13/Apr/2025 22:45:40] "GET /options_analysis.html HTTP/1.1" 200 -
2025-04-13 22:45:40,117 - werkzeug - INFO - 127.0.0.1 - - [13/Apr/2025 22:45:40] "[36mGET /static/pagehead.jpg HTTP/1.1[0m" 304 -
2025-04-13 22:50:00,379 - app - INFO - IVIX: 20.11, Nifty50: 22828.55, Nifty Futures: 22948.0
2025-04-13 22:50:02,091 - app - INFO - Structure of modified niftytop_data: <class 'list'>, [{'symbol': 'HDFC Bank Ltd.', 'ltp': 1807}, {'symbol': 'Reliance Industries.', 'ltp': 1219}, {'symbol': 'ICICI Bank Ltd.', 'ltp': 1312}, {'symbol': 'Infosys Ltd.', 'ltp': 1409}, {'symbol': 'ITC Ltd.', 'ltp': 422}, {'symbol': 'Tata TCS', 'ltp': 3232}, {'symbol': 'L&T  Ltd.', 'ltp': 3116}, {'symbol': 'Axis Bank Ltd.', 'ltp': 1069}, {'symbol': 'Kotak M Bank Ltd.', 'ltp': 754}, {'symbol': 'Bharti Airtel Ltd.', 'ltp': 1757}]
2025-04-13 22:50:03,574 - app - INFO - Processed PCR data and saved to JSON file
2025-04-13 22:50:03,926 - app - INFO - Processed PCR data and saved to JSON file
2025-04-13 22:50:04,277 - app - INFO - Processed PCR data and saved to JSON file
2025-04-13 22:50:04,588 - schedule - DEBUG - Cancelling job "Job(interval=1, unit=days, do=job, args=(), kwargs={'access_token': 'eyJ0eXAiOiJKV1QiLCJrZXlfaWQiOiJza192MS4wIiwiYWxnIjoiSFMyNTYifQ.eyJzdWIiOiIyVUNSUkgiLCJqdGkiOiI2N2ZiZWViNWI5NWE4MjQxODU1YWUyYjYiLCJpc011bHRpQ2xpZW50IjpmYWxzZSwiaWF0IjoxNzQ0NTYzODkzLCJpc3MiOiJ1ZGFwaS1nYXRld2F5LXNlcnZpY2UiLCJleHAiOjE3NDQ1ODE2MDB9.ebeFF8PTWXD7_KWDwO8X6Xsr7rV4wbg9SwowkzFm2m8'})"
2025-04-13 22:53:44,954 - werkzeug - INFO - [31m[1mWARNING: This is a development server. Do not use it in a production deployment. Use a production WSGI server instead.[0m
 * Running on http://127.0.0.1:5000
2025-04-13 22:53:44,955 - werkzeug - INFO - [33mPress CTRL+C to quit[0m
2025-04-13 22:53:47,121 - app - INFO - Options analysis visited
2025-04-13 22:53:48,340 - werkzeug - INFO - 127.0.0.1 - - [13/Apr/2025 22:53:48] "GET /options_analysis.html HTTP/1.1" 200 -
2025-04-13 22:53:48,396 - werkzeug - INFO - 127.0.0.1 - - [13/Apr/2025 22:53:48] "[36mGET /static/pagehead.jpg HTTP/1.1[0m" 304 -
2025-04-13 22:55:00,601 - app - INFO - IVIX: 20.11, Nifty50: 22828.55, Nifty Futures: 22948.0
2025-04-13 22:55:02,331 - app - INFO - Structure of modified niftytop_data: <class 'list'>, [{'symbol': 'HDFC Bank Ltd.', 'ltp': 1807}, {'symbol': 'Reliance Industries.', 'ltp': 1219}, {'symbol': 'ICICI Bank Ltd.', 'ltp': 1312}, {'symbol': 'Infosys Ltd.', 'ltp': 1409}, {'symbol': 'ITC Ltd.', 'ltp': 422}, {'symbol': 'Tata TCS', 'ltp': 3232}, {'symbol': 'L&T  Ltd.', 'ltp': 3116}, {'symbol': 'Axis Bank Ltd.', 'ltp': 1069}, {'symbol': 'Kotak M Bank Ltd.', 'ltp': 754}, {'symbol': 'Bharti Airtel Ltd.', 'ltp': 1757}]
2025-04-13 22:55:03,648 - app - INFO - Processed PCR data and saved to JSON file
2025-04-13 22:55:04,000 - app - INFO - Processed PCR data and saved to JSON file
2025-04-13 22:55:04,414 - app - INFO - Processed PCR data and saved to JSON file
2025-04-13 22:55:04,730 - schedule - DEBUG - Cancelling job "Job(interval=1, unit=days, do=job, args=(), kwargs={'access_token': 'eyJ0eXAiOiJKV1QiLCJrZXlfaWQiOiJza192MS4wIiwiYWxnIjoiSFMyNTYifQ.eyJzdWIiOiIyVUNSUkgiLCJqdGkiOiI2N2ZiZWViNWI5NWE4MjQxODU1YWUyYjYiLCJpc011bHRpQ2xpZW50IjpmYWxzZSwiaWF0IjoxNzQ0NTYzODkzLCJpc3MiOiJ1ZGFwaS1nYXRld2F5LXNlcnZpY2UiLCJleHAiOjE3NDQ1ODE2MDB9.ebeFF8PTWXD7_KWDwO8X6Xsr7rV4wbg9SwowkzFm2m8'})"
2025-04-13 22:56:57,095 - werkzeug - INFO - [31m[1mWARNING: This is a development server. Do not use it in a production deployment. Use a production WSGI server instead.[0m
 * Running on http://127.0.0.1:5000
2025-04-13 22:56:57,096 - werkzeug - INFO - [33mPress CTRL+C to quit[0m
2025-04-13 22:57:00,406 - app - INFO - Options analysis visited
2025-04-13 22:57:01,649 - werkzeug - INFO - 127.0.0.1 - - [13/Apr/2025 22:57:01] "GET /options_analysis.html HTTP/1.1" 200 -
2025-04-13 22:57:01,706 - werkzeug - INFO - 127.0.0.1 - - [13/Apr/2025 22:57:01] "[36mGET /static/pagehead.jpg HTTP/1.1[0m" 304 -
2025-04-13 23:01:45,499 - werkzeug - INFO - [31m[1mWARNING: This is a development server. Do not use it in a production deployment. Use a production WSGI server instead.[0m
 * Running on http://127.0.0.1:5000
2025-04-13 23:01:45,499 - werkzeug - INFO - [33mPress CTRL+C to quit[0m
2025-04-13 23:01:59,251 - werkzeug - INFO - [31m[1mWARNING: This is a development server. Do not use it in a production deployment. Use a production WSGI server instead.[0m
 * Running on http://127.0.0.1:5000
2025-04-13 23:01:59,252 - werkzeug - INFO - [33mPress CTRL+C to quit[0m
2025-04-13 23:02:04,891 - werkzeug - INFO - [31m[1mWARNING: This is a development server. Do not use it in a production deployment. Use a production WSGI server instead.[0m
 * Running on http://127.0.0.1:5000
2025-04-13 23:02:04,891 - werkzeug - INFO - [33mPress CTRL+C to quit[0m
2025-04-13 23:02:07,128 - app - INFO - Options analysis visited
2025-04-13 23:02:08,399 - werkzeug - INFO - 127.0.0.1 - - [13/Apr/2025 23:02:08] "GET /options_analysis.html HTTP/1.1" 200 -
2025-04-13 23:02:08,461 - werkzeug - INFO - 127.0.0.1 - - [13/Apr/2025 23:02:08] "[36mGET /static/pagehead.jpg HTTP/1.1[0m" 304 -
2025-04-13 23:05:00,794 - app - INFO - IVIX: 20.11, Nifty50: 22828.55, Nifty Futures: 22948.0
2025-04-13 23:05:02,355 - app - INFO - Structure of modified niftytop_data: <class 'list'>, [{'symbol': 'HDFC Bank Ltd.', 'ltp': 1807}, {'symbol': 'Reliance Industries.', 'ltp': 1219}, {'symbol': 'ICICI Bank Ltd.', 'ltp': 1312}, {'symbol': 'Infosys Ltd.', 'ltp': 1409}, {'symbol': 'ITC Ltd.', 'ltp': 422}, {'symbol': 'Tata TCS', 'ltp': 3232}, {'symbol': 'L&T  Ltd.', 'ltp': 3116}, {'symbol': 'Axis Bank Ltd.', 'ltp': 1069}, {'symbol': 'Kotak M Bank Ltd.', 'ltp': 754}, {'symbol': 'Bharti Airtel Ltd.', 'ltp': 1757}]
2025-04-13 23:05:03,575 - app - INFO - Processed PCR data and saved to JSON file
2025-04-13 23:05:03,948 - app - INFO - Processed PCR data and saved to JSON file
2025-04-13 23:05:04,298 - app - INFO - Processed PCR data and saved to JSON file
2025-04-13 23:05:04,604 - schedule - DEBUG - Cancelling job "Job(interval=1, unit=days, do=job, args=(), kwargs={'access_token': 'eyJ0eXAiOiJKV1QiLCJrZXlfaWQiOiJza192MS4wIiwiYWxnIjoiSFMyNTYifQ.eyJzdWIiOiIyVUNSUkgiLCJqdGkiOiI2N2ZiZWViNWI5NWE4MjQxODU1YWUyYjYiLCJpc011bHRpQ2xpZW50IjpmYWxzZSwiaWF0IjoxNzQ0NTYzODkzLCJpc3MiOiJ1ZGFwaS1nYXRld2F5LXNlcnZpY2UiLCJleHAiOjE3NDQ1ODE2MDB9.ebeFF8PTWXD7_KWDwO8X6Xsr7rV4wbg9SwowkzFm2m8'})"
2025-04-13 23:10:01,260 - app - INFO - IVIX: 20.11, Nifty50: 22828.55, Nifty Futures: 22948.0
2025-04-13 23:10:02,762 - app - INFO - Structure of modified niftytop_data: <class 'list'>, [{'symbol': 'HDFC Bank Ltd.', 'ltp': 1807}, {'symbol': 'Reliance Industries.', 'ltp': 1219}, {'symbol': 'ICICI Bank Ltd.', 'ltp': 1312}, {'symbol': 'Infosys Ltd.', 'ltp': 1409}, {'symbol': 'ITC Ltd.', 'ltp': 422}, {'symbol': 'Tata TCS', 'ltp': 3232}, {'symbol': 'L&T  Ltd.', 'ltp': 3116}, {'symbol': 'Axis Bank Ltd.', 'ltp': 1069}, {'symbol': 'Kotak M Bank Ltd.', 'ltp': 754}, {'symbol': 'Bharti Airtel Ltd.', 'ltp': 1757}]
2025-04-13 23:10:03,960 - app - INFO - Processed PCR data and saved to JSON file
2025-04-13 23:10:04,316 - app - INFO - Processed PCR data and saved to JSON file
2025-04-13 23:10:04,656 - app - INFO - Processed PCR data and saved to JSON file
2025-04-13 23:10:04,965 - schedule - DEBUG - Cancelling job "Job(interval=1, unit=days, do=job, args=(), kwargs={'access_token': 'eyJ0eXAiOiJKV1QiLCJrZXlfaWQiOiJza192MS4wIiwiYWxnIjoiSFMyNTYifQ.eyJzdWIiOiIyVUNSUkgiLCJqdGkiOiI2N2ZiZWViNWI5NWE4MjQxODU1YWUyYjYiLCJpc011bHRpQ2xpZW50IjpmYWxzZSwiaWF0IjoxNzQ0NTYzODkzLCJpc3MiOiJ1ZGFwaS1nYXRld2F5LXNlcnZpY2UiLCJleHAiOjE3NDQ1ODE2MDB9.ebeFF8PTWXD7_KWDwO8X6Xsr7rV4wbg9SwowkzFm2m8'})"
2025-04-13 23:15:01,411 - app - INFO - IVIX: 20.11, Nifty50: 22828.55, Nifty Futures: 22948.0
2025-04-13 23:15:03,394 - app - INFO - Structure of modified niftytop_data: <class 'list'>, [{'symbol': 'HDFC Bank Ltd.', 'ltp': 1807}, {'symbol': 'Reliance Industries.', 'ltp': 1219}, {'symbol': 'ICICI Bank Ltd.', 'ltp': 1312}, {'symbol': 'Infosys Ltd.', 'ltp': 1409}, {'symbol': 'ITC Ltd.', 'ltp': 422}, {'symbol': 'Tata TCS', 'ltp': 3232}, {'symbol': 'L&T  Ltd.', 'ltp': 3116}, {'symbol': 'Axis Bank Ltd.', 'ltp': 1069}, {'symbol': 'Kotak M Bank Ltd.', 'ltp': 754}, {'symbol': 'Bharti Airtel Ltd.', 'ltp': 1757}]
2025-04-13 23:15:04,579 - app - INFO - Processed PCR data and saved to JSON file
2025-04-13 23:15:04,921 - app - INFO - Processed PCR data and saved to JSON file
2025-04-13 23:15:05,273 - app - INFO - Processed PCR data and saved to JSON file
2025-04-13 23:15:05,621 - schedule - DEBUG - Cancelling job "Job(interval=1, unit=days, do=job, args=(), kwargs={'access_token': 'eyJ0eXAiOiJKV1QiLCJrZXlfaWQiOiJza192MS4wIiwiYWxnIjoiSFMyNTYifQ.eyJzdWIiOiIyVUNSUkgiLCJqdGkiOiI2N2ZiZWViNWI5NWE4MjQxODU1YWUyYjYiLCJpc011bHRpQ2xpZW50IjpmYWxzZSwiaWF0IjoxNzQ0NTYzODkzLCJpc3MiOiJ1ZGFwaS1nYXRld2F5LXNlcnZpY2UiLCJleHAiOjE3NDQ1ODE2MDB9.ebeFF8PTWXD7_KWDwO8X6Xsr7rV4wbg9SwowkzFm2m8'})"
2025-04-13 23:20:01,503 - app - INFO - IVIX: 20.11, Nifty50: 22828.55, Nifty Futures: 22948.0
2025-04-13 23:20:03,039 - app - INFO - Structure of modified niftytop_data: <class 'list'>, [{'symbol': 'HDFC Bank Ltd.', 'ltp': 1807}, {'symbol': 'Reliance Industries.', 'ltp': 1219}, {'symbol': 'ICICI Bank Ltd.', 'ltp': 1312}, {'symbol': 'Infosys Ltd.', 'ltp': 1409}, {'symbol': 'ITC Ltd.', 'ltp': 422}, {'symbol': 'Tata TCS', 'ltp': 3232}, {'symbol': 'L&T  Ltd.', 'ltp': 3116}, {'symbol': 'Axis Bank Ltd.', 'ltp': 1069}, {'symbol': 'Kotak M Bank Ltd.', 'ltp': 754}, {'symbol': 'Bharti Airtel Ltd.', 'ltp': 1757}]
2025-04-13 23:20:04,217 - app - INFO - Processed PCR data and saved to JSON file
2025-04-13 23:20:04,568 - app - INFO - Processed PCR data and saved to JSON file
2025-04-13 23:20:04,992 - app - INFO - Processed PCR data and saved to JSON file
2025-04-13 23:20:05,302 - schedule - DEBUG - Cancelling job "Job(interval=1, unit=days, do=job, args=(), kwargs={'access_token': 'eyJ0eXAiOiJKV1QiLCJrZXlfaWQiOiJza192MS4wIiwiYWxnIjoiSFMyNTYifQ.eyJzdWIiOiIyVUNSUkgiLCJqdGkiOiI2N2ZiZWViNWI5NWE4MjQxODU1YWUyYjYiLCJpc011bHRpQ2xpZW50IjpmYWxzZSwiaWF0IjoxNzQ0NTYzODkzLCJpc3MiOiJ1ZGFwaS1nYXRld2F5LXNlcnZpY2UiLCJleHAiOjE3NDQ1ODE2MDB9.ebeFF8PTWXD7_KWDwO8X6Xsr7rV4wbg9SwowkzFm2m8'})"
2025-04-13 23:25:00,944 - app - INFO - IVIX: 20.11, Nifty50: 22828.55, Nifty Futures: 22948.0
2025-04-13 23:25:02,542 - app - INFO - Structure of modified niftytop_data: <class 'list'>, [{'symbol': 'HDFC Bank Ltd.', 'ltp': 1807}, {'symbol': 'Reliance Industries.', 'ltp': 1219}, {'symbol': 'ICICI Bank Ltd.', 'ltp': 1312}, {'symbol': 'Infosys Ltd.', 'ltp': 1409}, {'symbol': 'ITC Ltd.', 'ltp': 422}, {'symbol': 'Tata TCS', 'ltp': 3232}, {'symbol': 'L&T  Ltd.', 'ltp': 3116}, {'symbol': 'Axis Bank Ltd.', 'ltp': 1069}, {'symbol': 'Kotak M Bank Ltd.', 'ltp': 754}, {'symbol': 'Bharti Airtel Ltd.', 'ltp': 1757}]
2025-04-13 23:25:03,769 - app - INFO - Processed PCR data and saved to JSON file
2025-04-13 23:25:04,124 - app - INFO - Processed PCR data and saved to JSON file
2025-04-13 23:25:04,465 - app - INFO - Processed PCR data and saved to JSON file
2025-04-13 23:25:04,771 - schedule - DEBUG - Cancelling job "Job(interval=1, unit=days, do=job, args=(), kwargs={'access_token': 'eyJ0eXAiOiJKV1QiLCJrZXlfaWQiOiJza192MS4wIiwiYWxnIjoiSFMyNTYifQ.eyJzdWIiOiIyVUNSUkgiLCJqdGkiOiI2N2ZiZWViNWI5NWE4MjQxODU1YWUyYjYiLCJpc011bHRpQ2xpZW50IjpmYWxzZSwiaWF0IjoxNzQ0NTYzODkzLCJpc3MiOiJ1ZGFwaS1nYXRld2F5LXNlcnZpY2UiLCJleHAiOjE3NDQ1ODE2MDB9.ebeFF8PTWXD7_KWDwO8X6Xsr7rV4wbg9SwowkzFm2m8'})"
2025-04-13 23:29:22,448 - werkzeug - INFO - [31m[1mWARNING: This is a development server. Do not use it in a production deployment. Use a production WSGI server instead.[0m
 * Running on http://127.0.0.1:5000
2025-04-13 23:29:22,448 - werkzeug - INFO - [33mPress CTRL+C to quit[0m
2025-04-13 23:29:24,418 - app - INFO - Options analysis visited
2025-04-13 23:29:25,701 - werkzeug - INFO - 127.0.0.1 - - [13/Apr/2025 23:29:25] "GET /options_analysis.html HTTP/1.1" 200 -
2025-04-13 23:29:25,758 - werkzeug - INFO - 127.0.0.1 - - [13/Apr/2025 23:29:25] "[36mGET /static/pagehead.jpg HTTP/1.1[0m" 304 -
2025-04-13 23:30:00,941 - app - INFO - IVIX: 20.11, Nifty50: 22828.55, Nifty Futures: 22948.0
2025-04-13 23:30:02,640 - app - INFO - Structure of modified niftytop_data: <class 'list'>, [{'symbol': 'HDFC Bank Ltd.', 'ltp': 1807}, {'symbol': 'Reliance Industries.', 'ltp': 1219}, {'symbol': 'ICICI Bank Ltd.', 'ltp': 1312}, {'symbol': 'Infosys Ltd.', 'ltp': 1409}, {'symbol': 'ITC Ltd.', 'ltp': 422}, {'symbol': 'Tata TCS', 'ltp': 3232}, {'symbol': 'L&T  Ltd.', 'ltp': 3116}, {'symbol': 'Axis Bank Ltd.', 'ltp': 1069}, {'symbol': 'Kotak M Bank Ltd.', 'ltp': 754}, {'symbol': 'Bharti Airtel Ltd.', 'ltp': 1757}]
2025-04-13 23:30:03,996 - app - INFO - Processed PCR data and saved to JSON file
2025-04-13 23:30:04,386 - app - INFO - Processed PCR data and saved to JSON file
2025-04-13 23:30:04,781 - app - INFO - Processed PCR data and saved to JSON file
2025-04-13 23:30:05,080 - schedule - DEBUG - Cancelling job "Job(interval=1, unit=days, do=job, args=(), kwargs={'access_token': 'eyJ0eXAiOiJKV1QiLCJrZXlfaWQiOiJza192MS4wIiwiYWxnIjoiSFMyNTYifQ.eyJzdWIiOiIyVUNSUkgiLCJqdGkiOiI2N2ZiZWViNWI5NWE4MjQxODU1YWUyYjYiLCJpc011bHRpQ2xpZW50IjpmYWxzZSwiaWF0IjoxNzQ0NTYzODkzLCJpc3MiOiJ1ZGFwaS1nYXRld2F5LXNlcnZpY2UiLCJleHAiOjE3NDQ1ODE2MDB9.ebeFF8PTWXD7_KWDwO8X6Xsr7rV4wbg9SwowkzFm2m8'})"
